<?xml version="1.0" encoding="UTF-8"?>
<testsuite xmlns:xsi="http://www.w3.org/2001/XMLSchema-instance" xsi:noNamespaceSchemaLocation="https://maven.apache.org/surefire/maven-surefire-plugin/xsd/surefire-test-report-3.0.xsd" version="3.0" name="com.example.FeedbackAndReviewManagement.FeedbackAndReviewManagementApplicationTests" time="4.462" tests="1" errors="0" skipped="0" failures="0">
  <properties>
[...]
</properties>
  <testcase name="contextLoads" classname="com.example.FeedbackAndReviewManagement.FeedbackAndReviewManagementApplicationTests" time="1.218">
    <system-out><![CDATA[08:09:31.724 [main] INFO org.springframework.test.context.support.AnnotationConfigContextLoaderUtils -- Could not detect default configuration classes for test class [com.example.FeedbackAndReviewManagement.FeedbackAndReviewManagementApplicationTests]: FeedbackAndReviewManagementApplicationTests does not declare any static, non-private, non-final, nested classes annotated with @Configuration.
08:09:31.909 [main] INFO org.springframework.boot.test.context.SpringBootTestContextBootstrapper -- Found @SpringBootConfiguration com.example.FeedbackAndReviewManagement.FeedbackAndReviewManagementApplication for test class com.example.FeedbackAndReviewManagement.FeedbackAndReviewManagementApplicationTests
08:09:32.176 [main] INFO org.springframework.boot.devtools.restart.RestartApplicationListener -- Restart disabled due to context in which it is running

  .   ____          _            __ _ _
 /\\ / ___'_ __ _ _(_)_ __  __ _ \ \ \ \
( ( )\___ | '_ | '_| | '_ \/ _` | \ \ \ \
 \\/  ___)| |_)| | | | | || (_| |  ) ) ) )
  '  |____| .__|_| |_|_| |_\__, | / / / /
 =========|_|==============|___/=/_/_/_/
 :: Spring Boot ::                (v3.2.2)

2025-05-18 08:09:32 [main] INFO  c.e.F.FeedbackAndReviewManagementApplicationTests - Starting FeedbackAndReviewManagementApplicationTests using Java 22.0.2 with PID 16960 (started by Home in C:\Users\Home\IdeaProjects\FeedbackAndReviewManagement\FeedbackAndReviewManagement)
2025-05-18 08:09:32 [main] DEBUG c.e.F.FeedbackAndReviewManagementApplicationTests - Running with Spring Boot v3.2.2, Spring v6.1.3
2025-05-18 08:09:32 [main] INFO  c.e.F.FeedbackAndReviewManagementApplicationTests - No active profile set, falling back to 1 default profile: "default"
2025-05-18 08:09:34 [main] INFO  o.s.b.a.w.s.WelcomePageHandlerMapping - Adding welcome page template: index
2025-05-18 08:09:34 [main] INFO  c.e.F.FeedbackAndReviewManagementApplicationTests - Started FeedbackAndReviewManagementApplicationTests in 2.537 seconds (process running for 4.055)
]]></system-out>
    <system-err><![CDATA[WARNING: A Java agent has been loaded dynamically (C:\Users\Home\.m2\repository\net\bytebuddy\byte-buddy-agent\1.14.11\byte-buddy-agent-1.14.11.jar)
WARNING: If a serviceability tool is in use, please run with -XX:+EnableDynamicAgentLoading to hide this warning
WARNING: If a serviceability tool is not in use, please run with -Djdk.instrument.traceUsage for more information
WARNING: Dynamic loading of agents will be disallowed by default in a future release
]]></system-err>
  </testcase>
</testsuite>